# JRE version: Java(TM) SE Runtime Environment (8.0_171-b11) (build 1.8.0_171-b11)
# Java VM: Java HotSpot(TM) 64-Bit Server VM (25.171-b11 mixed mode windows-amd64 compressed oops)
Heap:
 PSYoungGen      total 111104K, used 47381K [0x000000076af00000, 0x0000000773000000, 0x00000007c0000000)
  eden space 100352K, 38% used [0x000000076af00000,0x000000076d4882d0,0x0000000771100000)
  from space 10752K, 83% used [0x0000000771c00000,0x00000007724bd310,0x0000000772680000)
  to   space 11264K, 0% used [0x0000000771100000,0x0000000771100000,0x0000000771c00000)
 ParOldGen       total 102912K, used 8878K [0x00000006c0c00000, 0x00000006c7080000, 0x000000076af00000)
  object space 102912K, 8% used [0x00000006c0c00000,0x00000006c14abb60,0x00000006c7080000)
 Metaspace       used 26442K, capacity 27330K, committed 27648K, reserved 1073152K
  class space    used 3544K, capacity 3769K, committed 3840K, reserved 1048576K
GC Heap History (10 events):
Event: 2.413 GC heap before
{Heap before GC invocations=3 (full 0):
 PSYoungGen      total 76288K, used 73143K [0x000000076af00000, 0x0000000770400000, 0x00000007c0000000)
  eden space 65536K, 100% used [0x000000076af00000,0x000000076ef00000,0x000000076ef00000)
  from space 10752K, 70% used [0x000000076f980000,0x00000007700ede38,0x0000000770400000)
  to   space 10752K, 0% used [0x000000076ef00000,0x000000076ef00000,0x000000076f980000)
 ParOldGen       total 175104K, used 88K [0x00000006c0c00000, 0x00000006cb700000, 0x000000076af00000)
  object space 175104K, 0% used [0x00000006c0c00000,0x00000006c0c16010,0x00000006cb700000)
 Metaspace       used 17527K, capacity 18102K, committed 18176K, reserved 1064960K
  class space    used 2381K, capacity 2511K, committed 2560K, reserved 1048576K
Event: 2.419 GC heap after
Heap after GC invocations=3 (full 0):
 PSYoungGen      total 76288K, used 7786K [0x000000076af00000, 0x0000000770400000, 0x00000007c0000000)
  eden space 65536K, 0% used [0x000000076af00000,0x000000076af00000,0x000000076ef00000)
  from space 10752K, 72% used [0x000000076ef00000,0x000000076f69a970,0x000000076f980000)
  to   space 10752K, 0% used [0x000000076f980000,0x000000076f980000,0x0000000770400000)
 ParOldGen       total 175104K, used 96K [0x00000006c0c00000, 0x00000006cb700000, 0x000000076af00000)
  object space 175104K, 0% used [0x00000006c0c00000,0x00000006c0c18010,0x00000006cb700000)
 Metaspace       used 17527K, capacity 18102K, committed 18176K, reserved 1064960K
  class space    used 2381K, capacity 2511K, committed 2560K, reserved 1048576K
}
Event: 2.735 GC heap before
{Heap before GC invocations=4 (full 0):
 PSYoungGen      total 76288K, used 63624K [0x000000076af00000, 0x0000000770400000, 0x00000007c0000000)
  eden space 65536K, 85% used [0x000000076af00000,0x000000076e587848,0x000000076ef00000)
  from space 10752K, 72% used [0x000000076ef00000,0x000000076f69a970,0x000000076f980000)
  to   space 10752K, 0% used [0x000000076f980000,0x000000076f980000,0x0000000770400000)
 ParOldGen       total 175104K, used 96K [0x00000006c0c00000, 0x00000006cb700000, 0x000000076af00000)
  object space 175104K, 0% used [0x00000006c0c00000,0x00000006c0c18010,0x00000006cb700000)
 Metaspace       used 20595K, capacity 21226K, committed 21296K, reserved 1067008K
  class space    used 2744K, capacity 2909K, committed 2944K, reserved 1048576K
Event: 2.751 GC heap after
Heap after GC invocations=4 (full 0):
 PSYoungGen      total 76288K, used 9109K [0x000000076af00000, 0x0000000774400000, 0x00000007c0000000)
  eden space 65536K, 0% used [0x000000076af00000,0x000000076af00000,0x000000076ef00000)
  from space 10752K, 84% used [0x000000076f980000,0x0000000770265698,0x0000000770400000)
  to   space 10752K, 0% used [0x000000076ef00000,0x000000076ef00000,0x000000076f980000)
 ParOldGen       total 175104K, used 104K [0x00000006c0c00000, 0x00000006cb700000, 0x000000076af00000)
  object space 175104K, 0% used [0x00000006c0c00000,0x00000006c0c1a010,0x00000006cb700000)
 Metaspace       used 20595K, capacity 21226K, committed 21296K, reserved 1067008K
  class space    used 2744K, capacity 2909K, committed 2944K, reserved 1048576K
}
Event: 2.751 GC heap before
{Heap before GC invocations=5 (full 1):
 PSYoungGen      total 76288K, used 9109K [0x000000076af00000, 0x0000000774400000, 0x00000007c0000000)
  eden space 65536K, 0% used [0x000000076af00000,0x000000076af00000,0x000000076ef00000)
  from space 10752K, 84% used [0x000000076f980000,0x0000000770265698,0x0000000770400000)
  to   space 10752K, 0% used [0x000000076ef00000,0x000000076ef00000,0x000000076f980000)
 ParOldGen       total 175104K, used 104K [0x00000006c0c00000, 0x00000006cb700000, 0x000000076af00000)
  object space 175104K, 0% used [0x00000006c0c00000,0x00000006c0c1a010,0x00000006cb700000)
 Metaspace       used 20595K, capacity 21226K, committed 21296K, reserved 1067008K
  class space    used 2744K, capacity 2909K, committed 2944K, reserved 1048576K
Event: 2.791 GC heap after
Heap after GC invocations=5 (full 1):
 PSYoungGen      total 76288K, used 0K [0x000000076af00000, 0x0000000774400000, 0x00000007c0000000)
  eden space 65536K, 0% used [0x000000076af00000,0x000000076af00000,0x000000076ef00000)
  from space 10752K, 0% used [0x000000076f980000,0x000000076f980000,0x0000000770400000)
  to   space 10752K, 0% used [0x000000076ef00000,0x000000076ef00000,0x000000076f980000)
 ParOldGen       total 102912K, used 8862K [0x00000006c0c00000, 0x00000006c7080000, 0x000000076af00000)
  object space 102912K, 8% used [0x00000006c0c00000,0x00000006c14a7b60,0x00000006c7080000)
 Metaspace       used 20595K, capacity 21226K, committed 21296K, reserved 1067008K
  class space    used 2744K, capacity 2909K, committed 2944K, reserved 1048576K
}
Event: 3.158 GC heap before
{Heap before GC invocations=6 (full 1):
 PSYoungGen      total 76288K, used 65536K [0x000000076af00000, 0x0000000774400000, 0x00000007c0000000)
  eden space 65536K, 100% used [0x000000076af00000,0x000000076ef00000,0x000000076ef00000)
  from space 10752K, 0% used [0x000000076f980000,0x000000076f980000,0x0000000770400000)
  to   space 10752K, 0% used [0x000000076ef00000,0x000000076ef00000,0x000000076f980000)
 ParOldGen       total 102912K, used 8862K [0x00000006c0c00000, 0x00000006c7080000, 0x000000076af00000)
  object space 102912K, 8% used [0x00000006c0c00000,0x00000006c14a7b60,0x00000006c7080000)
 Metaspace       used 22405K, capacity 23146K, committed 23168K, reserved 1069056K
  class space    used 2985K, capacity 3187K, committed 3200K, reserved 1048576K
Event: 3.161 GC heap after
Heap after GC invocations=6 (full 1):
 PSYoungGen      total 76288K, used 4447K [0x000000076af00000, 0x0000000772680000, 0x00000007c0000000)
  eden space 65536K, 0% used [0x000000076af00000,0x000000076af00000,0x000000076ef00000)
  from space 10752K, 41% used [0x000000076ef00000,0x000000076f357e60,0x000000076f980000)
  to   space 10752K, 0% used [0x0000000771c00000,0x0000000771c00000,0x0000000772680000)
 ParOldGen       total 102912K, used 8870K [0x00000006c0c00000, 0x00000006c7080000, 0x000000076af00000)
  object space 102912K, 8% used [0x00000006c0c00000,0x00000006c14a9b60,0x00000006c7080000)
 Metaspace       used 22405K, capacity 23146K, committed 23168K, reserved 1069056K
  class space    used 2985K, capacity 3187K, committed 3200K, reserved 1048576K
}
Event: 3.749 GC heap before
{Heap before GC invocations=7 (full 1):
 PSYoungGen      total 76288K, used 69983K [0x000000076af00000, 0x0000000772680000, 0x00000007c0000000)
  eden space 65536K, 100% used [0x000000076af00000,0x000000076ef00000,0x000000076ef00000)
  from space 10752K, 41% used [0x000000076ef00000,0x000000076f357e60,0x000000076f980000)
  to   space 10752K, 0% used [0x0000000771c00000,0x0000000771c00000,0x0000000772680000)
 ParOldGen       total 102912K, used 8870K [0x00000006c0c00000, 0x00000006c7080000, 0x000000076af00000)
  object space 102912K, 8% used [0x00000006c0c00000,0x00000006c14a9b60,0x00000006c7080000)
 Metaspace       used 24638K, capacity 25498K, committed 25600K, reserved 1071104K
  class space    used 3296K, capacity 3505K, committed 3584K, reserved 1048576K
Event: 3.790 GC heap after
Heap after GC invocations=7 (full 1):
 PSYoungGen      total 111104K, used 8948K [0x000000076af00000, 0x0000000773000000, 0x00000007c0000000)
  eden space 100352K, 0% used [0x000000076af00000,0x000000076af00000,0x0000000771100000)
  from space 10752K, 83% used [0x0000000771c00000,0x00000007724bd310,0x0000000772680000)
  to   space 11264K, 0% used [0x0000000771100000,0x0000000771100000,0x0000000771c00000)
 ParOldGen       total 102912K, used 8878K [0x00000006c0c00000, 0x00000006c7080000, 0x000000076af00000)
  object space 102912K, 8% used [0x00000006c0c00000,0x00000006c14abb60,0x00000006c7080000)
 Metaspace       used 24638K, capacity 25498K, committed 25600K, reserved 1071104K
  class space    used 3296K, capacity 3505K, committed 3584K, reserved 1048576K
}

