# JRE version: Java(TM) SE Runtime Environment (8.0_45-b14) (build 1.8.0_45-b14)
# Java VM: Java HotSpot(TM) 64-Bit Server VM (25.45-b02 mixed mode windows-amd64 compressed oops)
Heap:
 PSYoungGen      total 235008K, used 66635K [0x00000000eab00000, 0x00000000fc700000, 0x0000000100000000)
  eden space 211456K, 20% used [0x00000000eab00000,0x00000000ed513140,0x00000000f7980000)
  from space 23552K, 99% used [0x00000000fa480000,0x00000000fbb7fdb0,0x00000000fbb80000)
  to   space 11776K, 0% used [0x00000000fbb80000,0x00000000fbb80000,0x00000000fc700000)
 ParOldGen       total 111616K, used 43978K [0x00000000c0000000, 0x00000000c6d00000, 0x00000000eab00000)
  object space 111616K, 39% used [0x00000000c0000000,0x00000000c2af28c8,0x00000000c6d00000)
 Metaspace       used 27886K, capacity 28886K, committed 29056K, reserved 1075200K
  class space    used 3451K, capacity 3871K, committed 3968K, reserved 1048576K
GC Heap History (10 events):
Event: 3.038 GC heap before
{Heap before GC invocations=6 (full 0):
 PSYoungGen      total 71680K, used 71659K [0x00000000eab00000, 0x00000000f4f00000, 0x0000000100000000)
  eden space 66560K, 100% used [0x00000000eab00000,0x00000000eec00000,0x00000000eec00000)
  from space 5120K, 99% used [0x00000000eec00000,0x00000000ef0fac00,0x00000000ef100000)
  to   space 17408K, 0% used [0x00000000f3e00000,0x00000000f3e00000,0x00000000f4f00000)
 ParOldGen       total 87552K, used 29256K [0x00000000c0000000, 0x00000000c5580000, 0x00000000eab00000)
  object space 87552K, 33% used [0x00000000c0000000,0x00000000c1c92120,0x00000000c5580000)
 Metaspace       used 16016K, capacity 16282K, committed 16512K, reserved 1064960K
  class space    used 1799K, capacity 1845K, committed 1920K, reserved 1048576K
Event: 3.048 GC heap after
Heap after GC invocations=6 (full 0):
 PSYoungGen      total 149504K, used 14435K [0x00000000eab00000, 0x00000000f5100000, 0x0000000100000000)
  eden space 132096K, 0% used [0x00000000eab00000,0x00000000eab00000,0x00000000f2c00000)
  from space 17408K, 82% used [0x00000000f3e00000,0x00000000f4c18c90,0x00000000f4f00000)
  to   space 18432K, 0% used [0x00000000f2c00000,0x00000000f2c00000,0x00000000f3e00000)
 ParOldGen       total 87552K, used 29256K [0x00000000c0000000, 0x00000000c5580000, 0x00000000eab00000)
  object space 87552K, 33% used [0x00000000c0000000,0x00000000c1c92120,0x00000000c5580000)
 Metaspace       used 16016K, capacity 16282K, committed 16512K, reserved 1064960K
  class space    used 1799K, capacity 1845K, committed 1920K, reserved 1048576K
}
Event: 4.696 GC heap before
{Heap before GC invocations=7 (full 0):
 PSYoungGen      total 149504K, used 145058K [0x00000000eab00000, 0x00000000f5100000, 0x0000000100000000)
  eden space 132096K, 98% used [0x00000000eab00000,0x00000000f2a8fc78,0x00000000f2c00000)
  from space 17408K, 82% used [0x00000000f3e00000,0x00000000f4c18c90,0x00000000f4f00000)
  to   space 18432K, 0% used [0x00000000f2c00000,0x00000000f2c00000,0x00000000f3e00000)
 ParOldGen       total 87552K, used 29256K [0x00000000c0000000, 0x00000000c5580000, 0x00000000eab00000)
  object space 87552K, 33% used [0x00000000c0000000,0x00000000c1c92120,0x00000000c5580000)
 Metaspace       used 20721K, capacity 21286K, committed 21296K, reserved 1069056K
  class space    used 2416K, capacity 2687K, committed 2688K, reserved 1048576K
Event: 4.716 GC heap after
Heap after GC invocations=7 (full 0):
 PSYoungGen      total 150528K, used 18402K [0x00000000eab00000, 0x00000000fe000000, 0x0000000100000000)
  eden space 132096K, 0% used [0x00000000eab00000,0x00000000eab00000,0x00000000f2c00000)
  from space 18432K, 99% used [0x00000000f2c00000,0x00000000f3df8990,0x00000000f3e00000)
  to   space 26112K, 0% used [0x00000000fc680000,0x00000000fc680000,0x00000000fe000000)
 ParOldGen       total 87552K, used 40018K [0x00000000c0000000, 0x00000000c5580000, 0x00000000eab00000)
  object space 87552K, 45% used [0x00000000c0000000,0x00000000c2714a28,0x00000000c5580000)
 Metaspace       used 20721K, capacity 21286K, committed 21296K, reserved 1069056K
  class space    used 2416K, capacity 2687K, committed 2688K, reserved 1048576K
}
Event: 4.716 GC heap before
{Heap before GC invocations=8 (full 1):
 PSYoungGen      total 150528K, used 18402K [0x00000000eab00000, 0x00000000fe000000, 0x0000000100000000)
  eden space 132096K, 0% used [0x00000000eab00000,0x00000000eab00000,0x00000000f2c00000)
  from space 18432K, 99% used [0x00000000f2c00000,0x00000000f3df8990,0x00000000f3e00000)
  to   space 26112K, 0% used [0x00000000fc680000,0x00000000fc680000,0x00000000fe000000)
 ParOldGen       total 87552K, used 40018K [0x00000000c0000000, 0x00000000c5580000, 0x00000000eab00000)
  object space 87552K, 45% used [0x00000000c0000000,0x00000000c2714a28,0x00000000c5580000)
 Metaspace       used 20721K, capacity 21286K, committed 21296K, reserved 1069056K
  class space    used 2416K, capacity 2687K, committed 2688K, reserved 1048576K
Event: 4.905 GC heap after
Heap after GC invocations=8 (full 1):
 PSYoungGen      total 150528K, used 0K [0x00000000eab00000, 0x00000000fe000000, 0x0000000100000000)
  eden space 132096K, 0% used [0x00000000eab00000,0x00000000eab00000,0x00000000f2c00000)
  from space 18432K, 0% used [0x00000000f2c00000,0x00000000f2c00000,0x00000000f3e00000)
  to   space 26112K, 0% used [0x00000000fc680000,0x00000000fc680000,0x00000000fe000000)
 ParOldGen       total 111616K, used 43962K [0x00000000c0000000, 0x00000000c6d00000, 0x00000000eab00000)
  object space 111616K, 39% used [0x00000000c0000000,0x00000000c2aee8c8,0x00000000c6d00000)
 Metaspace       used 20717K, capacity 21280K, committed 21296K, reserved 1069056K
  class space    used 2415K, capacity 2686K, committed 2688K, reserved 1048576K
}
Event: 6.642 GC heap before
{Heap before GC invocations=9 (full 1):
 PSYoungGen      total 150528K, used 132096K [0x00000000eab00000, 0x00000000fe000000, 0x0000000100000000)
  eden space 132096K, 100% used [0x00000000eab00000,0x00000000f2c00000,0x00000000f2c00000)
  from space 18432K, 0% used [0x00000000f2c00000,0x00000000f2c00000,0x00000000f3e00000)
  to   space 26112K, 0% used [0x00000000fc680000,0x00000000fc680000,0x00000000fe000000)
 ParOldGen       total 111616K, used 43962K [0x00000000c0000000, 0x00000000c6d00000, 0x00000000eab00000)
  object space 111616K, 39% used [0x00000000c0000000,0x00000000c2aee8c8,0x00000000c6d00000)
 Metaspace       used 26664K, capacity 27596K, committed 27776K, reserved 1073152K
  class space    used 3235K, capacity 3660K, committed 3712K, reserved 1048576K
Event: 6.663 GC heap after
Heap after GC invocations=9 (full 1):
 PSYoungGen      total 198656K, used 21228K [0x00000000eab00000, 0x00000000fdb80000, 0x0000000100000000)
  eden space 177152K, 0% used [0x00000000eab00000,0x00000000eab00000,0x00000000f5800000)
  from space 21504K, 98% used [0x00000000fc680000,0x00000000fdb3b228,0x00000000fdb80000)
  to   space 28160K, 0% used [0x00000000fa480000,0x00000000fa480000,0x00000000fc000000)
 ParOldGen       total 111616K, used 43970K [0x00000000c0000000, 0x00000000c6d00000, 0x00000000eab00000)
  object space 111616K, 39% used [0x00000000c0000000,0x00000000c2af08c8,0x00000000c6d00000)
 Metaspace       used 26664K, capacity 27596K, committed 27776K, reserved 1073152K
  class space    used 3235K, capacity 3660K, committed 3712K, reserved 1048576K
}
Event: 7.750 GC heap before
{Heap before GC invocations=10 (full 1):
 PSYoungGen      total 198656K, used 198380K [0x00000000eab00000, 0x00000000fdb80000, 0x0000000100000000)
  eden space 177152K, 100% used [0x00000000eab00000,0x00000000f5800000,0x00000000f5800000)
  from space 21504K, 98% used [0x00000000fc680000,0x00000000fdb3b228,0x00000000fdb80000)
  to   space 28160K, 0% used [0x00000000fa480000,0x00000000fa480000,0x00000000fc000000)
 ParOldGen       total 111616K, used 43970K [0x00000000c0000000, 0x00000000c6d00000, 0x00000000eab00000)
  object space 111616K, 39% used [0x00000000c0000000,0x00000000c2af08c8,0x00000000c6d00000)
 Metaspace       used 27242K, capacity 28190K, committed 28416K, reserved 1073152K
  class space    used 3285K, capacity 3727K, committed 3840K, reserved 1048576K
Event: 7.766 GC heap after
Heap after GC invocations=10 (full 1):
 PSYoungGen      total 235008K, used 23551K [0x00000000eab00000, 0x00000000fc700000, 0x0000000100000000)
  eden space 211456K, 0% used [0x00000000eab00000,0x00000000eab00000,0x00000000f7980000)
  from space 23552K, 99% used [0x00000000fa480000,0x00000000fbb7fdb0,0x00000000fbb80000)
  to   space 11776K, 0% used [0x00000000fbb80000,0x00000000fbb80000,0x00000000fc700000)
 ParOldGen       total 111616K, used 43978K [0x00000000c0000000, 0x00000000c6d00000, 0x00000000eab00000)
  object space 111616K, 39% used [0x00000000c0000000,0x00000000c2af28c8,0x00000000c6d00000)
 Metaspace       used 27242K, capacity 28190K, committed 28416K, reserved 1073152K
  class space    used 3285K, capacity 3727K, committed 3840K, reserved 1048576K
}

